<?xml version="1.0" encoding="UTF-8" ?>
<testsuites disabled="0" errors="0" failures="1" tests="1" time="1.183">
 <testsuite name="workspace-project App" timestamp="2019-03-18T07:02:04" hostname="localhost" time="1.183" errors="0" tests="1" skipped="0" disabled="0" failures="1">
  <testcase classname="workspace-project App" name="should display welcome message" time="1.18">
   <failure type="exception" message="Failed: No element found using locator: By(css selector, app-root h1)"><![CDATA[NoSuchElementError: No element found using locator: By(css selector, app-root h1)
    at elementArrayFinder.getWebElements.then (C:\Demos\ngColomboAI\node_modules\protractor\built\element.js:814:27)
    at ManagedPromise.invokeCallback_ (C:\Demos\ngColomboAI\node_modules\selenium-webdriver\lib\promise.js:1376:14)
    at TaskQueue.execute_ (C:\Demos\ngColomboAI\node_modules\selenium-webdriver\lib\promise.js:3084:14)
    at TaskQueue.executeNext_ (C:\Demos\ngColomboAI\node_modules\selenium-webdriver\lib\promise.js:3067:27)
    at asyncRun (C:\Demos\ngColomboAI\node_modules\selenium-webdriver\lib\promise.js:2927:27)
    at C:\Demos\ngColomboAI\node_modules\selenium-webdriver\lib\promise.js:668:7
    at process._tickCallback (internal/process/next_tick.js:68:7)Error
    at ElementArrayFinder.applyAction_ (C:\Demos\ngColomboAI\node_modules\protractor\built\element.js:459:27)
    at ElementArrayFinder.(anonymous function).args [as getText] (C:\Demos\ngColomboAI\node_modules\protractor\built\element.js:91:29)
    at ElementFinder.(anonymous function).args [as getText] (C:\Demos\ngColomboAI\node_modules\protractor\built\element.js:831:22)
    at AppPage.getTitleText (C:\Demos\ngColomboAI\e2e\src\app.po.ts:9:43)
    at UserContext.<anonymous> (C:\Demos\ngColomboAI\e2e\src\app.e2e-spec.ts:13:17)
    at C:\Demos\ngColomboAI\node_modules\jasminewd2\index.js:112:25
    at new ManagedPromise (C:\Demos\ngColomboAI\node_modules\selenium-webdriver\lib\promise.js:1077:7)
    at ControlFlow.promise (C:\Demos\ngColomboAI\node_modules\selenium-webdriver\lib\promise.js:2505:12)
    at schedulerExecute (C:\Demos\ngColomboAI\node_modules\jasminewd2\index.js:95:18)
    at TaskQueue.execute_ (C:\Demos\ngColomboAI\node_modules\selenium-webdriver\lib\promise.js:3084:14)
From: Task: Run it("should display welcome message") in control flow
    at UserContext.<anonymous> (C:\Demos\ngColomboAI\node_modules\jasminewd2\index.js:94:19)
    at attempt (C:\Demos\ngColomboAI\node_modules\jasmine\node_modules\jasmine-core\lib\jasmine-core\jasmine.js:4297:26)
    at QueueRunner.run (C:\Demos\ngColomboAI\node_modules\jasmine\node_modules\jasmine-core\lib\jasmine-core\jasmine.js:4217:20)
    at runNext (C:\Demos\ngColomboAI\node_modules\jasmine\node_modules\jasmine-core\lib\jasmine-core\jasmine.js:4257:20)
    at C:\Demos\ngColomboAI\node_modules\jasmine\node_modules\jasmine-core\lib\jasmine-core\jasmine.js:4264:13
    at C:\Demos\ngColomboAI\node_modules\jasmine\node_modules\jasmine-core\lib\jasmine-core\jasmine.js:4172:9
    at C:\Demos\ngColomboAI\node_modules\jasminewd2\index.js:64:48
    at ControlFlow.emit (C:\Demos\ngColomboAI\node_modules\selenium-webdriver\lib\events.js:62:21)
    at ControlFlow.shutdown_ (C:\Demos\ngColomboAI\node_modules\selenium-webdriver\lib\promise.js:2674:10)
    at shutdownTask_.MicroTask (C:\Demos\ngColomboAI\node_modules\selenium-webdriver\lib\promise.js:2599:53)
From asynchronous test: 
Error
    at Suite.<anonymous> (C:\Demos\ngColomboAI\e2e\src\app.e2e-spec.ts:11:3)
    at addSpecsToSuite (C:\Demos\ngColomboAI\node_modules\jasmine\node_modules\jasmine-core\lib\jasmine-core\jasmine.js:1107:25)
    at Env.describe (C:\Demos\ngColomboAI\node_modules\jasmine\node_modules\jasmine-core\lib\jasmine-core\jasmine.js:1074:7)
    at describe (C:\Demos\ngColomboAI\node_modules\jasmine\node_modules\jasmine-core\lib\jasmine-core\jasmine.js:4399:18)
    at Object.<anonymous> (C:\Demos\ngColomboAI\e2e\src\app.e2e-spec.ts:4:1)
    at Module._compile (internal/modules/cjs/loader.js:701:30)
    at Module.m._compile (C:\Demos\ngColomboAI\node_modules\ts-node\src\index.ts:439:23)
    at Module._extensions..js (internal/modules/cjs/loader.js:712:10)
    at Object.require.extensions.(anonymous function) [as .ts] (C:\Demos\ngColomboAI\node_modules\ts-node\src\index.ts:442:12)]]>
   </failure>
  </testcase>
 </testsuite>
</testsuites>